The MPI test test_mpi for C in mode normal failed to compile with the following output:
Change Dir: D:/1_Programming/C++/CLionProjects/opp1_LinearSystemSolverMPI1/cmake-build-debug/CMakeFiles/CMakeTmp

Run Build Command(s):D:/1_Programming/mingw/mingw64/bin/mingw32-make.exe cmTC_f1ed4/fast && D:/1_Programming/mingw/mingw64/bin/mingw32-make.exe  -f CMakeFiles\cmTC_f1ed4.dir\build.make CMakeFiles/cmTC_f1ed4.dir/build
mingw32-make.exe[1]: Entering directory 'D:/1_Programming/C++/CLionProjects/opp1_LinearSystemSolverMPI1/cmake-build-debug/CMakeFiles/CMakeTmp'
Building C object CMakeFiles/cmTC_f1ed4.dir/test_mpi.c.obj
D:\1_Programming\mingw\mingw64\bin\x86_64-w64-mingw32-gcc.exe    -o CMakeFiles\cmTC_f1ed4.dir\test_mpi.c.obj -c "C:\Program Files\JetBrains\CLion 2020.2.1\bin\cmake\win\share\cmake-3.19\Modules\FindMPI\test_mpi.c"
C:\Program Files\JetBrains\CLion 2020.2.1\bin\cmake\win\share\cmake-3.19\Modules\FindMPI\test_mpi.c:1:10: fatal error: mpi.h: No such file or directory
 #include <mpi.h>
          ^~~~~~~
compilation terminated.
mingw32-make.exe[1]: *** [CMakeFiles\cmTC_f1ed4.dir\build.make:84: CMakeFiles/cmTC_f1ed4.dir/test_mpi.c.obj] Error 1
mingw32-make.exe[1]: Leaving directory 'D:/1_Programming/C++/CLionProjects/opp1_LinearSystemSolverMPI1/cmake-build-debug/CMakeFiles/CMakeTmp'
mingw32-make.exe: *** [Makefile:139: cmTC_f1ed4/fast] Error 2



The MPI test test_mpi for CXX in mode normal failed to compile with the following output:
Change Dir: D:/1_Programming/C++/CLionProjects/opp1_LinearSystemSolverMPI1/cmake-build-debug/CMakeFiles/CMakeTmp

Run Build Command(s):D:/1_Programming/mingw/mingw64/bin/mingw32-make.exe cmTC_fbd76/fast && D:/1_Programming/mingw/mingw64/bin/mingw32-make.exe  -f CMakeFiles\cmTC_fbd76.dir\build.make CMakeFiles/cmTC_fbd76.dir/build
mingw32-make.exe[1]: Entering directory 'D:/1_Programming/C++/CLionProjects/opp1_LinearSystemSolverMPI1/cmake-build-debug/CMakeFiles/CMakeTmp'
Building CXX object CMakeFiles/cmTC_fbd76.dir/test_mpi.cpp.obj
D:\1_Programming\mingw\mingw64\bin\x86_64-w64-mingw32-g++.exe   -std=gnu++17 -o CMakeFiles\cmTC_fbd76.dir\test_mpi.cpp.obj -c D:\1_Programming\C++\CLionProjects\opp1_LinearSystemSolverMPI1\cmake-build-debug\CMakeFiles\FindMPI\test_mpi.cpp
D:\1_Programming\C++\CLionProjects\opp1_LinearSystemSolverMPI1\cmake-build-debug\CMakeFiles\FindMPI\test_mpi.cpp:1:10: fatal error: mpi.h: No such file or directory
 #include <mpi.h>
          ^~~~~~~
compilation terminated.
mingw32-make.exe[1]: *** [CMakeFiles\cmTC_fbd76.dir\build.make:84: CMakeFiles/cmTC_fbd76.dir/test_mpi.cpp.obj] Error 1
mingw32-make.exe[1]: Leaving directory 'D:/1_Programming/C++/CLionProjects/opp1_LinearSystemSolverMPI1/cmake-build-debug/CMakeFiles/CMakeTmp'
mingw32-make.exe: *** [Makefile:139: cmTC_fbd76/fast] Error 2



The MPI test test_mpi for C in mode normal failed to compile with the following output:
Change Dir: D:/1_Programming/C++/CLionProjects/opp1_LinearSystemSolverMPI1/cmake-build-debug/CMakeFiles/CMakeTmp

Run Build Command(s):D:/1_Programming/mingw/mingw64/bin/mingw32-make.exe cmTC_260bf/fast && D:/1_Programming/mingw/mingw64/bin/mingw32-make.exe  -f CMakeFiles\cmTC_260bf.dir\build.make CMakeFiles/cmTC_260bf.dir/build
mingw32-make.exe[1]: Entering directory 'D:/1_Programming/C++/CLionProjects/opp1_LinearSystemSolverMPI1/cmake-build-debug/CMakeFiles/CMakeTmp'
Building C object CMakeFiles/cmTC_260bf.dir/test_mpi.c.obj
D:\1_Programming\mingw\mingw64\bin\x86_64-w64-mingw32-gcc.exe    -o CMakeFiles\cmTC_260bf.dir\test_mpi.c.obj -c "C:\Program Files\JetBrains\CLion 2020.2.1\bin\cmake\win\share\cmake-3.19\Modules\FindMPI\test_mpi.c"
C:\Program Files\JetBrains\CLion 2020.2.1\bin\cmake\win\share\cmake-3.19\Modules\FindMPI\test_mpi.c:1:10: fatal error: mpi.h: No such file or directory
 #include <mpi.h>
          ^~~~~~~
compilation terminated.
mingw32-make.exe[1]: *** [CMakeFiles\cmTC_260bf.dir\build.make:84: CMakeFiles/cmTC_260bf.dir/test_mpi.c.obj] Error 1
mingw32-make.exe[1]: Leaving directory 'D:/1_Programming/C++/CLionProjects/opp1_LinearSystemSolverMPI1/cmake-build-debug/CMakeFiles/CMakeTmp'
mingw32-make.exe: *** [Makefile:139: cmTC_260bf/fast] Error 2



The MPI test test_mpi for CXX in mode normal failed to compile with the following output:
Change Dir: D:/1_Programming/C++/CLionProjects/opp1_LinearSystemSolverMPI1/cmake-build-debug/CMakeFiles/CMakeTmp

Run Build Command(s):D:/1_Programming/mingw/mingw64/bin/mingw32-make.exe cmTC_4910c/fast && D:/1_Programming/mingw/mingw64/bin/mingw32-make.exe  -f CMakeFiles\cmTC_4910c.dir\build.make CMakeFiles/cmTC_4910c.dir/build
mingw32-make.exe[1]: Entering directory 'D:/1_Programming/C++/CLionProjects/opp1_LinearSystemSolverMPI1/cmake-build-debug/CMakeFiles/CMakeTmp'
Building CXX object CMakeFiles/cmTC_4910c.dir/test_mpi.cpp.obj
D:\1_Programming\mingw\mingw64\bin\x86_64-w64-mingw32-g++.exe    -o CMakeFiles\cmTC_4910c.dir\test_mpi.cpp.obj -c D:\1_Programming\C++\CLionProjects\opp1_LinearSystemSolverMPI1\cmake-build-debug\CMakeFiles\FindMPI\test_mpi.cpp
D:\1_Programming\C++\CLionProjects\opp1_LinearSystemSolverMPI1\cmake-build-debug\CMakeFiles\FindMPI\test_mpi.cpp:1:10: fatal error: mpi.h: No such file or directory
 #include <mpi.h>
          ^~~~~~~
compilation terminated.
mingw32-make.exe[1]: *** [CMakeFiles\cmTC_4910c.dir\build.make:84: CMakeFiles/cmTC_4910c.dir/test_mpi.cpp.obj] Error 1
mingw32-make.exe[1]: Leaving directory 'D:/1_Programming/C++/CLionProjects/opp1_LinearSystemSolverMPI1/cmake-build-debug/CMakeFiles/CMakeTmp'
mingw32-make.exe: *** [Makefile:139: cmTC_4910c/fast] Error 2



The MPI test test_mpi for C in mode normal failed to compile with the following output:
Change Dir: D:/1_Programming/C++/CLionProjects/opp1_LinearSystemSolverMPI1/cmake-build-debug/CMakeFiles/CMakeTmp

Run Build Command(s):D:/1_Programming/mingw/mingw64/bin/mingw32-make.exe cmTC_cc000/fast && D:/1_Programming/mingw/mingw64/bin/mingw32-make.exe  -f CMakeFiles\cmTC_cc000.dir\build.make CMakeFiles/cmTC_cc000.dir/build
mingw32-make.exe[1]: Entering directory 'D:/1_Programming/C++/CLionProjects/opp1_LinearSystemSolverMPI1/cmake-build-debug/CMakeFiles/CMakeTmp'
Building C object CMakeFiles/cmTC_cc000.dir/test_mpi.c.obj
D:\1_Programming\mingw\mingw64\bin\x86_64-w64-mingw32-gcc.exe    -o CMakeFiles\cmTC_cc000.dir\test_mpi.c.obj -c "C:\Program Files\JetBrains\CLion 2020.2.1\bin\cmake\win\share\cmake-3.19\Modules\FindMPI\test_mpi.c"
C:\Program Files\JetBrains\CLion 2020.2.1\bin\cmake\win\share\cmake-3.19\Modules\FindMPI\test_mpi.c:1:10: fatal error: mpi.h: No such file or directory
 #include <mpi.h>
          ^~~~~~~
compilation terminated.
mingw32-make.exe[1]: *** [CMakeFiles\cmTC_cc000.dir\build.make:84: CMakeFiles/cmTC_cc000.dir/test_mpi.c.obj] Error 1
mingw32-make.exe[1]: Leaving directory 'D:/1_Programming/C++/CLionProjects/opp1_LinearSystemSolverMPI1/cmake-build-debug/CMakeFiles/CMakeTmp'
mingw32-make.exe: *** [Makefile:139: cmTC_cc000/fast] Error 2



The MPI test test_mpi for CXX in mode normal failed to compile with the following output:
Change Dir: D:/1_Programming/C++/CLionProjects/opp1_LinearSystemSolverMPI1/cmake-build-debug/CMakeFiles/CMakeTmp

Run Build Command(s):D:/1_Programming/mingw/mingw64/bin/mingw32-make.exe cmTC_d9b02/fast && D:/1_Programming/mingw/mingw64/bin/mingw32-make.exe  -f CMakeFiles\cmTC_d9b02.dir\build.make CMakeFiles/cmTC_d9b02.dir/build
mingw32-make.exe[1]: Entering directory 'D:/1_Programming/C++/CLionProjects/opp1_LinearSystemSolverMPI1/cmake-build-debug/CMakeFiles/CMakeTmp'
Building CXX object CMakeFiles/cmTC_d9b02.dir/test_mpi.cpp.obj
D:\1_Programming\mingw\mingw64\bin\x86_64-w64-mingw32-g++.exe   -std=gnu++17 -o CMakeFiles\cmTC_d9b02.dir\test_mpi.cpp.obj -c D:\1_Programming\C++\CLionProjects\opp1_LinearSystemSolverMPI1\cmake-build-debug\CMakeFiles\FindMPI\test_mpi.cpp
D:\1_Programming\C++\CLionProjects\opp1_LinearSystemSolverMPI1\cmake-build-debug\CMakeFiles\FindMPI\test_mpi.cpp:1:10: fatal error: mpi.h: No such file or directory
 #include <mpi.h>
          ^~~~~~~
compilation terminated.
mingw32-make.exe[1]: *** [CMakeFiles\cmTC_d9b02.dir\build.make:84: CMakeFiles/cmTC_d9b02.dir/test_mpi.cpp.obj] Error 1
mingw32-make.exe[1]: Leaving directory 'D:/1_Programming/C++/CLionProjects/opp1_LinearSystemSolverMPI1/cmake-build-debug/CMakeFiles/CMakeTmp'
mingw32-make.exe: *** [Makefile:139: cmTC_d9b02/fast] Error 2



The MPI test test_mpi for C in mode normal failed to compile with the following output:
Change Dir: D:/1_Programming/C++/CLionProjects/opp1_LinearSystemSolverMPI1/cmake-build-debug/CMakeFiles/CMakeTmp

Run Build Command(s):D:/1_Programming/mingw/mingw64/bin/mingw32-make.exe cmTC_fe5cf/fast && D:/1_Programming/mingw/mingw64/bin/mingw32-make.exe  -f CMakeFiles\cmTC_fe5cf.dir\build.make CMakeFiles/cmTC_fe5cf.dir/build
mingw32-make.exe[1]: Entering directory 'D:/1_Programming/C++/CLionProjects/opp1_LinearSystemSolverMPI1/cmake-build-debug/CMakeFiles/CMakeTmp'
Building C object CMakeFiles/cmTC_fe5cf.dir/test_mpi.c.obj
D:\1_Programming\mingw\mingw64\bin\x86_64-w64-mingw32-gcc.exe    -o CMakeFiles\cmTC_fe5cf.dir\test_mpi.c.obj -c "C:\Program Files\JetBrains\CLion 2020.2.1\bin\cmake\win\share\cmake-3.19\Modules\FindMPI\test_mpi.c"
C:\Program Files\JetBrains\CLion 2020.2.1\bin\cmake\win\share\cmake-3.19\Modules\FindMPI\test_mpi.c:1:10: fatal error: mpi.h: No such file or directory
 #include <mpi.h>
          ^~~~~~~
compilation terminated.
mingw32-make.exe[1]: *** [CMakeFiles\cmTC_fe5cf.dir\build.make:84: CMakeFiles/cmTC_fe5cf.dir/test_mpi.c.obj] Error 1
mingw32-make.exe[1]: Leaving directory 'D:/1_Programming/C++/CLionProjects/opp1_LinearSystemSolverMPI1/cmake-build-debug/CMakeFiles/CMakeTmp'
mingw32-make.exe: *** [Makefile:139: cmTC_fe5cf/fast] Error 2



The MPI test test_mpi for CXX in mode normal failed to compile with the following output:
Change Dir: D:/1_Programming/C++/CLionProjects/opp1_LinearSystemSolverMPI1/cmake-build-debug/CMakeFiles/CMakeTmp

Run Build Command(s):D:/1_Programming/mingw/mingw64/bin/mingw32-make.exe cmTC_fb148/fast && D:/1_Programming/mingw/mingw64/bin/mingw32-make.exe  -f CMakeFiles\cmTC_fb148.dir\build.make CMakeFiles/cmTC_fb148.dir/build
mingw32-make.exe[1]: Entering directory 'D:/1_Programming/C++/CLionProjects/opp1_LinearSystemSolverMPI1/cmake-build-debug/CMakeFiles/CMakeTmp'
Building CXX object CMakeFiles/cmTC_fb148.dir/test_mpi.cpp.obj
D:\1_Programming\mingw\mingw64\bin\x86_64-w64-mingw32-g++.exe   -std=gnu++17 -o CMakeFiles\cmTC_fb148.dir\test_mpi.cpp.obj -c D:\1_Programming\C++\CLionProjects\opp1_LinearSystemSolverMPI1\cmake-build-debug\CMakeFiles\FindMPI\test_mpi.cpp
D:\1_Programming\C++\CLionProjects\opp1_LinearSystemSolverMPI1\cmake-build-debug\CMakeFiles\FindMPI\test_mpi.cpp:1:10: fatal error: mpi.h: No such file or directory
 #include <mpi.h>
          ^~~~~~~
compilation terminated.
mingw32-make.exe[1]: *** [CMakeFiles\cmTC_fb148.dir\build.make:84: CMakeFiles/cmTC_fb148.dir/test_mpi.cpp.obj] Error 1
mingw32-make.exe[1]: Leaving directory 'D:/1_Programming/C++/CLionProjects/opp1_LinearSystemSolverMPI1/cmake-build-debug/CMakeFiles/CMakeTmp'
mingw32-make.exe: *** [Makefile:139: cmTC_fb148/fast] Error 2



The MPI test test_mpi for Fortran in mode F77_HEADER failed to compile with the following output:
Change Dir: D:/1_Programming/C++/CLionProjects/opp1_LinearSystemSolverMPI1/cmake-build-debug/CMakeFiles/CMakeTmp

Run Build Command(s):D:/1_Programming/mingw/mingw64/bin/mingw32-make.exe cmTC_5b2dd/fast && D:/1_Programming/mingw/mingw64/bin/mingw32-make.exe  -f CMakeFiles\cmTC_5b2dd.dir\build.make CMakeFiles/cmTC_5b2dd.dir/build
mingw32-make.exe[1]: Entering directory 'D:/1_Programming/C++/CLionProjects/opp1_LinearSystemSolverMPI1/cmake-build-debug/CMakeFiles/CMakeTmp'
Building Fortran object CMakeFiles/cmTC_5b2dd.dir/test_mpi.f90.obj
D:\1_Programming\mingw\mingw64\bin\gfortran.exe    -c D:\1_Programming\C++\CLionProjects\opp1_LinearSystemSolverMPI1\cmake-build-debug\CMakeFiles\FindMPI\test_mpi.f90 -o CMakeFiles\cmTC_5b2dd.dir\test_mpi.f90.obj
D:\1_Programming\C++\CLionProjects\opp1_LinearSystemSolverMPI1\cmake-build-debug\CMakeFiles\FindMPI\test_mpi.f90:3: Error: Can't open included file 'mpif.h'
mingw32-make.exe[1]: *** [CMakeFiles\cmTC_5b2dd.dir\build.make:84: CMakeFiles/cmTC_5b2dd.dir/test_mpi.f90.obj] Error 1
mingw32-make.exe[1]: Leaving directory 'D:/1_Programming/C++/CLionProjects/opp1_LinearSystemSolverMPI1/cmake-build-debug/CMakeFiles/CMakeTmp'
mingw32-make.exe: *** [Makefile:139: cmTC_5b2dd/fast] Error 2



The MPI test test_mpi for Fortran in mode F90_MODULE failed to compile with the following output:
Change Dir: D:/1_Programming/C++/CLionProjects/opp1_LinearSystemSolverMPI1/cmake-build-debug/CMakeFiles/CMakeTmp

Run Build Command(s):D:/1_Programming/mingw/mingw64/bin/mingw32-make.exe cmTC_7643c/fast && D:/1_Programming/mingw/mingw64/bin/mingw32-make.exe  -f CMakeFiles\cmTC_7643c.dir\build.make CMakeFiles/cmTC_7643c.dir/build
mingw32-make.exe[1]: Entering directory 'D:/1_Programming/C++/CLionProjects/opp1_LinearSystemSolverMPI1/cmake-build-debug/CMakeFiles/CMakeTmp'
Building Fortran object CMakeFiles/cmTC_7643c.dir/test_mpi.f90.obj
D:\1_Programming\mingw\mingw64\bin\gfortran.exe    -c D:\1_Programming\C++\CLionProjects\opp1_LinearSystemSolverMPI1\cmake-build-debug\CMakeFiles\FindMPI\test_mpi.f90 -o CMakeFiles\cmTC_7643c.dir\test_mpi.f90.obj
D:\1_Programming\C++\CLionProjects\opp1_LinearSystemSolverMPI1\cmake-build-debug\CMakeFiles\FindMPI\test_mpi.f90:2:10:

       use mpi
          1
Fatal Error: Can't open module file 'mpi.mod' for reading at (1): No such file or directory
compilation terminated.
mingw32-make.exe[1]: *** [CMakeFiles\cmTC_7643c.dir\build.make:84: CMakeFiles/cmTC_7643c.dir/test_mpi.f90.obj] Error 1
mingw32-make.exe[1]: Leaving directory 'D:/1_Programming/C++/CLionProjects/opp1_LinearSystemSolverMPI1/cmake-build-debug/CMakeFiles/CMakeTmp'
mingw32-make.exe: *** [Makefile:139: cmTC_7643c/fast] Error 2



The MPI test test_mpi for Fortran in mode F08_MODULE failed to compile with the following output:
Change Dir: D:/1_Programming/C++/CLionProjects/opp1_LinearSystemSolverMPI1/cmake-build-debug/CMakeFiles/CMakeTmp

Run Build Command(s):D:/1_Programming/mingw/mingw64/bin/mingw32-make.exe cmTC_93218/fast && D:/1_Programming/mingw/mingw64/bin/mingw32-make.exe  -f CMakeFiles\cmTC_93218.dir\build.make CMakeFiles/cmTC_93218.dir/build
mingw32-make.exe[1]: Entering directory 'D:/1_Programming/C++/CLionProjects/opp1_LinearSystemSolverMPI1/cmake-build-debug/CMakeFiles/CMakeTmp'
Building Fortran object CMakeFiles/cmTC_93218.dir/test_mpi.f90.obj
D:\1_Programming\mingw\mingw64\bin\gfortran.exe    -c D:\1_Programming\C++\CLionProjects\opp1_LinearSystemSolverMPI1\cmake-build-debug\CMakeFiles\FindMPI\test_mpi.f90 -o CMakeFiles\cmTC_93218.dir\test_mpi.f90.obj
D:\1_Programming\C++\CLionProjects\opp1_LinearSystemSolverMPI1\cmake-build-debug\CMakeFiles\FindMPI\test_mpi.f90:2:10:

       use mpi_f08
          1
Fatal Error: Can't open module file 'mpi_f08.mod' for reading at (1): No such file or directory
compilation terminated.
mingw32-make.exe[1]: *** [CMakeFiles\cmTC_93218.dir\build.make:84: CMakeFiles/cmTC_93218.dir/test_mpi.f90.obj] Error 1
mingw32-make.exe[1]: Leaving directory 'D:/1_Programming/C++/CLionProjects/opp1_LinearSystemSolverMPI1/cmake-build-debug/CMakeFiles/CMakeTmp'
mingw32-make.exe: *** [Makefile:139: cmTC_93218/fast] Error 2



The MPI test test_mpi for Fortran in mode F77_HEADER_NOKIND failed to compile with the following output:
Change Dir: D:/1_Programming/C++/CLionProjects/opp1_LinearSystemSolverMPI1/cmake-build-debug/CMakeFiles/CMakeTmp

Run Build Command(s):D:/1_Programming/mingw/mingw64/bin/mingw32-make.exe cmTC_b3d81/fast && D:/1_Programming/mingw/mingw64/bin/mingw32-make.exe  -f CMakeFiles\cmTC_b3d81.dir\build.make CMakeFiles/cmTC_b3d81.dir/build
mingw32-make.exe[1]: Entering directory 'D:/1_Programming/C++/CLionProjects/opp1_LinearSystemSolverMPI1/cmake-build-debug/CMakeFiles/CMakeTmp'
Building Fortran object CMakeFiles/cmTC_b3d81.dir/test_mpi.f90.obj
D:\1_Programming\mingw\mingw64\bin\gfortran.exe    -c D:\1_Programming\C++\CLionProjects\opp1_LinearSystemSolverMPI1\cmake-build-debug\CMakeFiles\FindMPI\test_mpi.f90 -o CMakeFiles\cmTC_b3d81.dir\test_mpi.f90.obj
D:\1_Programming\C++\CLionProjects\opp1_LinearSystemSolverMPI1\cmake-build-debug\CMakeFiles\FindMPI\test_mpi.f90:3: Error: Can't open included file 'mpif.h'
mingw32-make.exe[1]: *** [CMakeFiles\cmTC_b3d81.dir\build.make:84: CMakeFiles/cmTC_b3d81.dir/test_mpi.f90.obj] Error 1
mingw32-make.exe[1]: Leaving directory 'D:/1_Programming/C++/CLionProjects/opp1_LinearSystemSolverMPI1/cmake-build-debug/CMakeFiles/CMakeTmp'
mingw32-make.exe: *** [Makefile:139: cmTC_b3d81/fast] Error 2



The MPI test test_mpi for C in mode normal failed to compile with the following output:
Change Dir: D:/1_Programming/C++/CLionProjects/opp1_LinearSystemSolverMPI1/cmake-build-debug/CMakeFiles/CMakeTmp

Run Build Command(s):D:/1_Programming/mingw/mingw64/bin/mingw32-make.exe cmTC_0eb16/fast && D:/1_Programming/mingw/mingw64/bin/mingw32-make.exe  -f CMakeFiles\cmTC_0eb16.dir\build.make CMakeFiles/cmTC_0eb16.dir/build
mingw32-make.exe[1]: Entering directory 'D:/1_Programming/C++/CLionProjects/opp1_LinearSystemSolverMPI1/cmake-build-debug/CMakeFiles/CMakeTmp'
Building C object CMakeFiles/cmTC_0eb16.dir/test_mpi.c.obj
D:\1_Programming\mingw\mingw64\bin\x86_64-w64-mingw32-gcc.exe    -o CMakeFiles\cmTC_0eb16.dir\test_mpi.c.obj -c "C:\Program Files\JetBrains\CLion 2020.2.1\bin\cmake\win\share\cmake-3.19\Modules\FindMPI\test_mpi.c"
C:\Program Files\JetBrains\CLion 2020.2.1\bin\cmake\win\share\cmake-3.19\Modules\FindMPI\test_mpi.c:1:10: fatal error: mpi.h: No such file or directory
 #include <mpi.h>
          ^~~~~~~
compilation terminated.
mingw32-make.exe[1]: *** [CMakeFiles\cmTC_0eb16.dir\build.make:84: CMakeFiles/cmTC_0eb16.dir/test_mpi.c.obj] Error 1
mingw32-make.exe[1]: Leaving directory 'D:/1_Programming/C++/CLionProjects/opp1_LinearSystemSolverMPI1/cmake-build-debug/CMakeFiles/CMakeTmp'
mingw32-make.exe: *** [Makefile:139: cmTC_0eb16/fast] Error 2



The MPI test test_mpi for CXX in mode normal failed to compile with the following output:
Change Dir: D:/1_Programming/C++/CLionProjects/opp1_LinearSystemSolverMPI1/cmake-build-debug/CMakeFiles/CMakeTmp

Run Build Command(s):D:/1_Programming/mingw/mingw64/bin/mingw32-make.exe cmTC_3659b/fast && D:/1_Programming/mingw/mingw64/bin/mingw32-make.exe  -f CMakeFiles\cmTC_3659b.dir\build.make CMakeFiles/cmTC_3659b.dir/build
mingw32-make.exe[1]: Entering directory 'D:/1_Programming/C++/CLionProjects/opp1_LinearSystemSolverMPI1/cmake-build-debug/CMakeFiles/CMakeTmp'
Building CXX object CMakeFiles/cmTC_3659b.dir/test_mpi.cpp.obj
D:\1_Programming\mingw\mingw64\bin\x86_64-w64-mingw32-g++.exe   -std=gnu++17 -o CMakeFiles\cmTC_3659b.dir\test_mpi.cpp.obj -c D:\1_Programming\C++\CLionProjects\opp1_LinearSystemSolverMPI1\cmake-build-debug\CMakeFiles\FindMPI\test_mpi.cpp
D:\1_Programming\C++\CLionProjects\opp1_LinearSystemSolverMPI1\cmake-build-debug\CMakeFiles\FindMPI\test_mpi.cpp:1:10: fatal error: mpi.h: No such file or directory
 #include <mpi.h>
          ^~~~~~~
compilation terminated.
mingw32-make.exe[1]: *** [CMakeFiles\cmTC_3659b.dir\build.make:84: CMakeFiles/cmTC_3659b.dir/test_mpi.cpp.obj] Error 1
mingw32-make.exe[1]: Leaving directory 'D:/1_Programming/C++/CLionProjects/opp1_LinearSystemSolverMPI1/cmake-build-debug/CMakeFiles/CMakeTmp'
mingw32-make.exe: *** [Makefile:139: cmTC_3659b/fast] Error 2



The MPI test test_mpi for Fortran in mode F77_HEADER failed to compile with the following output:
Change Dir: D:/1_Programming/C++/CLionProjects/opp1_LinearSystemSolverMPI1/cmake-build-debug/CMakeFiles/CMakeTmp

Run Build Command(s):D:/1_Programming/mingw/mingw64/bin/mingw32-make.exe cmTC_463f4/fast && D:/1_Programming/mingw/mingw64/bin/mingw32-make.exe  -f CMakeFiles\cmTC_463f4.dir\build.make CMakeFiles/cmTC_463f4.dir/build
mingw32-make.exe[1]: Entering directory 'D:/1_Programming/C++/CLionProjects/opp1_LinearSystemSolverMPI1/cmake-build-debug/CMakeFiles/CMakeTmp'
Building Fortran object CMakeFiles/cmTC_463f4.dir/test_mpi.f90.obj
D:\1_Programming\mingw\mingw64\bin\gfortran.exe    -c D:\1_Programming\C++\CLionProjects\opp1_LinearSystemSolverMPI1\cmake-build-debug\CMakeFiles\FindMPI\test_mpi.f90 -o CMakeFiles\cmTC_463f4.dir\test_mpi.f90.obj
D:\1_Programming\C++\CLionProjects\opp1_LinearSystemSolverMPI1\cmake-build-debug\CMakeFiles\FindMPI\test_mpi.f90:3: Error: Can't open included file 'mpif.h'
mingw32-make.exe[1]: *** [CMakeFiles\cmTC_463f4.dir\build.make:84: CMakeFiles/cmTC_463f4.dir/test_mpi.f90.obj] Error 1
mingw32-make.exe[1]: Leaving directory 'D:/1_Programming/C++/CLionProjects/opp1_LinearSystemSolverMPI1/cmake-build-debug/CMakeFiles/CMakeTmp'
mingw32-make.exe: *** [Makefile:139: cmTC_463f4/fast] Error 2



The MPI test test_mpi for Fortran in mode F90_MODULE failed to compile with the following output:
Change Dir: D:/1_Programming/C++/CLionProjects/opp1_LinearSystemSolverMPI1/cmake-build-debug/CMakeFiles/CMakeTmp

Run Build Command(s):D:/1_Programming/mingw/mingw64/bin/mingw32-make.exe cmTC_f5d2f/fast && D:/1_Programming/mingw/mingw64/bin/mingw32-make.exe  -f CMakeFiles\cmTC_f5d2f.dir\build.make CMakeFiles/cmTC_f5d2f.dir/build
mingw32-make.exe[1]: Entering directory 'D:/1_Programming/C++/CLionProjects/opp1_LinearSystemSolverMPI1/cmake-build-debug/CMakeFiles/CMakeTmp'
Building Fortran object CMakeFiles/cmTC_f5d2f.dir/test_mpi.f90.obj
D:\1_Programming\mingw\mingw64\bin\gfortran.exe    -c D:\1_Programming\C++\CLionProjects\opp1_LinearSystemSolverMPI1\cmake-build-debug\CMakeFiles\FindMPI\test_mpi.f90 -o CMakeFiles\cmTC_f5d2f.dir\test_mpi.f90.obj
D:\1_Programming\C++\CLionProjects\opp1_LinearSystemSolverMPI1\cmake-build-debug\CMakeFiles\FindMPI\test_mpi.f90:2:10:

       use mpi
          1
Fatal Error: Can't open module file 'mpi.mod' for reading at (1): No such file or directory
compilation terminated.
mingw32-make.exe[1]: *** [CMakeFiles\cmTC_f5d2f.dir\build.make:84: CMakeFiles/cmTC_f5d2f.dir/test_mpi.f90.obj] Error 1
mingw32-make.exe[1]: Leaving directory 'D:/1_Programming/C++/CLionProjects/opp1_LinearSystemSolverMPI1/cmake-build-debug/CMakeFiles/CMakeTmp'
mingw32-make.exe: *** [Makefile:139: cmTC_f5d2f/fast] Error 2



The MPI test test_mpi for Fortran in mode F08_MODULE failed to compile with the following output:
Change Dir: D:/1_Programming/C++/CLionProjects/opp1_LinearSystemSolverMPI1/cmake-build-debug/CMakeFiles/CMakeTmp

Run Build Command(s):D:/1_Programming/mingw/mingw64/bin/mingw32-make.exe cmTC_ffa04/fast && D:/1_Programming/mingw/mingw64/bin/mingw32-make.exe  -f CMakeFiles\cmTC_ffa04.dir\build.make CMakeFiles/cmTC_ffa04.dir/build
mingw32-make.exe[1]: Entering directory 'D:/1_Programming/C++/CLionProjects/opp1_LinearSystemSolverMPI1/cmake-build-debug/CMakeFiles/CMakeTmp'
Building Fortran object CMakeFiles/cmTC_ffa04.dir/test_mpi.f90.obj
D:\1_Programming\mingw\mingw64\bin\gfortran.exe    -c D:\1_Programming\C++\CLionProjects\opp1_LinearSystemSolverMPI1\cmake-build-debug\CMakeFiles\FindMPI\test_mpi.f90 -o CMakeFiles\cmTC_ffa04.dir\test_mpi.f90.obj
D:\1_Programming\C++\CLionProjects\opp1_LinearSystemSolverMPI1\cmake-build-debug\CMakeFiles\FindMPI\test_mpi.f90:2:10:

       use mpi_f08
          1
Fatal Error: Can't open module file 'mpi_f08.mod' for reading at (1): No such file or directory
compilation terminated.
mingw32-make.exe[1]: *** [CMakeFiles\cmTC_ffa04.dir\build.make:84: CMakeFiles/cmTC_ffa04.dir/test_mpi.f90.obj] Error 1
mingw32-make.exe[1]: Leaving directory 'D:/1_Programming/C++/CLionProjects/opp1_LinearSystemSolverMPI1/cmake-build-debug/CMakeFiles/CMakeTmp'
mingw32-make.exe: *** [Makefile:139: cmTC_ffa04/fast] Error 2



The MPI test test_mpi for Fortran in mode F77_HEADER_NOKIND failed to compile with the following output:
Change Dir: D:/1_Programming/C++/CLionProjects/opp1_LinearSystemSolverMPI1/cmake-build-debug/CMakeFiles/CMakeTmp

Run Build Command(s):D:/1_Programming/mingw/mingw64/bin/mingw32-make.exe cmTC_cb9e9/fast && D:/1_Programming/mingw/mingw64/bin/mingw32-make.exe  -f CMakeFiles\cmTC_cb9e9.dir\build.make CMakeFiles/cmTC_cb9e9.dir/build
mingw32-make.exe[1]: Entering directory 'D:/1_Programming/C++/CLionProjects/opp1_LinearSystemSolverMPI1/cmake-build-debug/CMakeFiles/CMakeTmp'
Building Fortran object CMakeFiles/cmTC_cb9e9.dir/test_mpi.f90.obj
D:\1_Programming\mingw\mingw64\bin\gfortran.exe    -c D:\1_Programming\C++\CLionProjects\opp1_LinearSystemSolverMPI1\cmake-build-debug\CMakeFiles\FindMPI\test_mpi.f90 -o CMakeFiles\cmTC_cb9e9.dir\test_mpi.f90.obj
D:\1_Programming\C++\CLionProjects\opp1_LinearSystemSolverMPI1\cmake-build-debug\CMakeFiles\FindMPI\test_mpi.f90:3: Error: Can't open included file 'mpif.h'
mingw32-make.exe[1]: *** [CMakeFiles\cmTC_cb9e9.dir\build.make:84: CMakeFiles/cmTC_cb9e9.dir/test_mpi.f90.obj] Error 1
mingw32-make.exe[1]: Leaving directory 'D:/1_Programming/C++/CLionProjects/opp1_LinearSystemSolverMPI1/cmake-build-debug/CMakeFiles/CMakeTmp'
mingw32-make.exe: *** [Makefile:139: cmTC_cb9e9/fast] Error 2



The MPI test test_mpi for C in mode normal failed to compile with the following output:
Change Dir: D:/1_Programming/C++/CLionProjects/opp1_LinearSystemSolverMPI1/cmake-build-debug/CMakeFiles/CMakeTmp

Run Build Command(s):D:/1_Programming/mingw/mingw64/bin/mingw32-make.exe cmTC_f119a/fast && D:/1_Programming/mingw/mingw64/bin/mingw32-make.exe  -f CMakeFiles\cmTC_f119a.dir\build.make CMakeFiles/cmTC_f119a.dir/build
mingw32-make.exe[1]: Entering directory 'D:/1_Programming/C++/CLionProjects/opp1_LinearSystemSolverMPI1/cmake-build-debug/CMakeFiles/CMakeTmp'
Building C object CMakeFiles/cmTC_f119a.dir/test_mpi.c.obj
D:\1_Programming\mingw\mingw64\bin\x86_64-w64-mingw32-gcc.exe    -o CMakeFiles\cmTC_f119a.dir\test_mpi.c.obj -c "C:\Program Files\JetBrains\CLion 2020.2.1\bin\cmake\win\share\cmake-3.19\Modules\FindMPI\test_mpi.c"
C:\Program Files\JetBrains\CLion 2020.2.1\bin\cmake\win\share\cmake-3.19\Modules\FindMPI\test_mpi.c:1:10: fatal error: mpi.h: No such file or directory
 #include <mpi.h>
          ^~~~~~~
compilation terminated.
mingw32-make.exe[1]: *** [CMakeFiles\cmTC_f119a.dir\build.make:84: CMakeFiles/cmTC_f119a.dir/test_mpi.c.obj] Error 1
mingw32-make.exe[1]: Leaving directory 'D:/1_Programming/C++/CLionProjects/opp1_LinearSystemSolverMPI1/cmake-build-debug/CMakeFiles/CMakeTmp'
mingw32-make.exe: *** [Makefile:139: cmTC_f119a/fast] Error 2



The MPI test test_mpi for CXX in mode normal failed to compile with the following output:
Change Dir: D:/1_Programming/C++/CLionProjects/opp1_LinearSystemSolverMPI1/cmake-build-debug/CMakeFiles/CMakeTmp

Run Build Command(s):D:/1_Programming/mingw/mingw64/bin/mingw32-make.exe cmTC_68968/fast && D:/1_Programming/mingw/mingw64/bin/mingw32-make.exe  -f CMakeFiles\cmTC_68968.dir\build.make CMakeFiles/cmTC_68968.dir/build
mingw32-make.exe[1]: Entering directory 'D:/1_Programming/C++/CLionProjects/opp1_LinearSystemSolverMPI1/cmake-build-debug/CMakeFiles/CMakeTmp'
Building CXX object CMakeFiles/cmTC_68968.dir/test_mpi.cpp.obj
D:\1_Programming\mingw\mingw64\bin\x86_64-w64-mingw32-g++.exe   -std=gnu++17 -o CMakeFiles\cmTC_68968.dir\test_mpi.cpp.obj -c D:\1_Programming\C++\CLionProjects\opp1_LinearSystemSolverMPI1\cmake-build-debug\CMakeFiles\FindMPI\test_mpi.cpp
D:\1_Programming\C++\CLionProjects\opp1_LinearSystemSolverMPI1\cmake-build-debug\CMakeFiles\FindMPI\test_mpi.cpp:1:10: fatal error: mpi.h: No such file or directory
 #include <mpi.h>
          ^~~~~~~
compilation terminated.
mingw32-make.exe[1]: *** [CMakeFiles\cmTC_68968.dir\build.make:84: CMakeFiles/cmTC_68968.dir/test_mpi.cpp.obj] Error 1
mingw32-make.exe[1]: Leaving directory 'D:/1_Programming/C++/CLionProjects/opp1_LinearSystemSolverMPI1/cmake-build-debug/CMakeFiles/CMakeTmp'
mingw32-make.exe: *** [Makefile:139: cmTC_68968/fast] Error 2



The MPI test test_mpi for Fortran in mode F77_HEADER failed to compile with the following output:
Change Dir: D:/1_Programming/C++/CLionProjects/opp1_LinearSystemSolverMPI1/cmake-build-debug/CMakeFiles/CMakeTmp

Run Build Command(s):D:/1_Programming/mingw/mingw64/bin/mingw32-make.exe cmTC_a9153/fast && D:/1_Programming/mingw/mingw64/bin/mingw32-make.exe  -f CMakeFiles\cmTC_a9153.dir\build.make CMakeFiles/cmTC_a9153.dir/build
mingw32-make.exe[1]: Entering directory 'D:/1_Programming/C++/CLionProjects/opp1_LinearSystemSolverMPI1/cmake-build-debug/CMakeFiles/CMakeTmp'
Building Fortran object CMakeFiles/cmTC_a9153.dir/test_mpi.f90.obj
D:\1_Programming\mingw\mingw64\bin\gfortran.exe    -c D:\1_Programming\C++\CLionProjects\opp1_LinearSystemSolverMPI1\cmake-build-debug\CMakeFiles\FindMPI\test_mpi.f90 -o CMakeFiles\cmTC_a9153.dir\test_mpi.f90.obj
D:\1_Programming\C++\CLionProjects\opp1_LinearSystemSolverMPI1\cmake-build-debug\CMakeFiles\FindMPI\test_mpi.f90:3: Error: Can't open included file 'mpif.h'
mingw32-make.exe[1]: *** [CMakeFiles\cmTC_a9153.dir\build.make:84: CMakeFiles/cmTC_a9153.dir/test_mpi.f90.obj] Error 1
mingw32-make.exe[1]: Leaving directory 'D:/1_Programming/C++/CLionProjects/opp1_LinearSystemSolverMPI1/cmake-build-debug/CMakeFiles/CMakeTmp'
mingw32-make.exe: *** [Makefile:139: cmTC_a9153/fast] Error 2



The MPI test test_mpi for Fortran in mode F90_MODULE failed to compile with the following output:
Change Dir: D:/1_Programming/C++/CLionProjects/opp1_LinearSystemSolverMPI1/cmake-build-debug/CMakeFiles/CMakeTmp

Run Build Command(s):D:/1_Programming/mingw/mingw64/bin/mingw32-make.exe cmTC_da49a/fast && D:/1_Programming/mingw/mingw64/bin/mingw32-make.exe  -f CMakeFiles\cmTC_da49a.dir\build.make CMakeFiles/cmTC_da49a.dir/build
mingw32-make.exe[1]: Entering directory 'D:/1_Programming/C++/CLionProjects/opp1_LinearSystemSolverMPI1/cmake-build-debug/CMakeFiles/CMakeTmp'
Building Fortran object CMakeFiles/cmTC_da49a.dir/test_mpi.f90.obj
D:\1_Programming\mingw\mingw64\bin\gfortran.exe    -c D:\1_Programming\C++\CLionProjects\opp1_LinearSystemSolverMPI1\cmake-build-debug\CMakeFiles\FindMPI\test_mpi.f90 -o CMakeFiles\cmTC_da49a.dir\test_mpi.f90.obj
D:\1_Programming\C++\CLionProjects\opp1_LinearSystemSolverMPI1\cmake-build-debug\CMakeFiles\FindMPI\test_mpi.f90:2:10:

       use mpi
          1
Fatal Error: Can't open module file 'mpi.mod' for reading at (1): No such file or directory
compilation terminated.
mingw32-make.exe[1]: *** [CMakeFiles\cmTC_da49a.dir\build.make:84: CMakeFiles/cmTC_da49a.dir/test_mpi.f90.obj] Error 1
mingw32-make.exe[1]: Leaving directory 'D:/1_Programming/C++/CLionProjects/opp1_LinearSystemSolverMPI1/cmake-build-debug/CMakeFiles/CMakeTmp'
mingw32-make.exe: *** [Makefile:139: cmTC_da49a/fast] Error 2



The MPI test test_mpi for Fortran in mode F08_MODULE failed to compile with the following output:
Change Dir: D:/1_Programming/C++/CLionProjects/opp1_LinearSystemSolverMPI1/cmake-build-debug/CMakeFiles/CMakeTmp

Run Build Command(s):D:/1_Programming/mingw/mingw64/bin/mingw32-make.exe cmTC_ac710/fast && D:/1_Programming/mingw/mingw64/bin/mingw32-make.exe  -f CMakeFiles\cmTC_ac710.dir\build.make CMakeFiles/cmTC_ac710.dir/build
mingw32-make.exe[1]: Entering directory 'D:/1_Programming/C++/CLionProjects/opp1_LinearSystemSolverMPI1/cmake-build-debug/CMakeFiles/CMakeTmp'
Building Fortran object CMakeFiles/cmTC_ac710.dir/test_mpi.f90.obj
D:\1_Programming\mingw\mingw64\bin\gfortran.exe    -c D:\1_Programming\C++\CLionProjects\opp1_LinearSystemSolverMPI1\cmake-build-debug\CMakeFiles\FindMPI\test_mpi.f90 -o CMakeFiles\cmTC_ac710.dir\test_mpi.f90.obj
D:\1_Programming\C++\CLionProjects\opp1_LinearSystemSolverMPI1\cmake-build-debug\CMakeFiles\FindMPI\test_mpi.f90:2:10:

       use mpi_f08
          1
Fatal Error: Can't open module file 'mpi_f08.mod' for reading at (1): No such file or directory
compilation terminated.
mingw32-make.exe[1]: *** [CMakeFiles\cmTC_ac710.dir\build.make:84: CMakeFiles/cmTC_ac710.dir/test_mpi.f90.obj] Error 1
mingw32-make.exe[1]: Leaving directory 'D:/1_Programming/C++/CLionProjects/opp1_LinearSystemSolverMPI1/cmake-build-debug/CMakeFiles/CMakeTmp'
mingw32-make.exe: *** [Makefile:139: cmTC_ac710/fast] Error 2



The MPI test test_mpi for Fortran in mode F77_HEADER_NOKIND failed to compile with the following output:
Change Dir: D:/1_Programming/C++/CLionProjects/opp1_LinearSystemSolverMPI1/cmake-build-debug/CMakeFiles/CMakeTmp

Run Build Command(s):D:/1_Programming/mingw/mingw64/bin/mingw32-make.exe cmTC_258cc/fast && D:/1_Programming/mingw/mingw64/bin/mingw32-make.exe  -f CMakeFiles\cmTC_258cc.dir\build.make CMakeFiles/cmTC_258cc.dir/build
mingw32-make.exe[1]: Entering directory 'D:/1_Programming/C++/CLionProjects/opp1_LinearSystemSolverMPI1/cmake-build-debug/CMakeFiles/CMakeTmp'
Building Fortran object CMakeFiles/cmTC_258cc.dir/test_mpi.f90.obj
D:\1_Programming\mingw\mingw64\bin\gfortran.exe    -c D:\1_Programming\C++\CLionProjects\opp1_LinearSystemSolverMPI1\cmake-build-debug\CMakeFiles\FindMPI\test_mpi.f90 -o CMakeFiles\cmTC_258cc.dir\test_mpi.f90.obj
D:\1_Programming\C++\CLionProjects\opp1_LinearSystemSolverMPI1\cmake-build-debug\CMakeFiles\FindMPI\test_mpi.f90:3: Error: Can't open included file 'mpif.h'
mingw32-make.exe[1]: *** [CMakeFiles\cmTC_258cc.dir\build.make:84: CMakeFiles/cmTC_258cc.dir/test_mpi.f90.obj] Error 1
mingw32-make.exe[1]: Leaving directory 'D:/1_Programming/C++/CLionProjects/opp1_LinearSystemSolverMPI1/cmake-build-debug/CMakeFiles/CMakeTmp'
mingw32-make.exe: *** [Makefile:139: cmTC_258cc/fast] Error 2



The MPI test test_mpi for C in mode normal failed to compile with the following output:
Change Dir: D:/1_Programming/C++/CLionProjects/opp1_LinearSystemSolverMPI1/cmake-build-debug/CMakeFiles/CMakeTmp

Run Build Command(s):D:/1_Programming/mingw/mingw64/bin/mingw32-make.exe cmTC_22085/fast && D:/1_Programming/mingw/mingw64/bin/mingw32-make.exe  -f CMakeFiles\cmTC_22085.dir\build.make CMakeFiles/cmTC_22085.dir/build
mingw32-make.exe[1]: Entering directory 'D:/1_Programming/C++/CLionProjects/opp1_LinearSystemSolverMPI1/cmake-build-debug/CMakeFiles/CMakeTmp'
Building C object CMakeFiles/cmTC_22085.dir/test_mpi.c.obj
D:\1_Programming\mingw\mingw64\bin\x86_64-w64-mingw32-gcc.exe    -o CMakeFiles\cmTC_22085.dir\test_mpi.c.obj -c "C:\Program Files\JetBrains\CLion 2020.2.1\bin\cmake\win\share\cmake-3.19\Modules\FindMPI\test_mpi.c"
C:\Program Files\JetBrains\CLion 2020.2.1\bin\cmake\win\share\cmake-3.19\Modules\FindMPI\test_mpi.c:1:10: fatal error: mpi.h: No such file or directory
 #include <mpi.h>
          ^~~~~~~
compilation terminated.
mingw32-make.exe[1]: *** [CMakeFiles\cmTC_22085.dir\build.make:84: CMakeFiles/cmTC_22085.dir/test_mpi.c.obj] Error 1
mingw32-make.exe[1]: Leaving directory 'D:/1_Programming/C++/CLionProjects/opp1_LinearSystemSolverMPI1/cmake-build-debug/CMakeFiles/CMakeTmp'
mingw32-make.exe: *** [Makefile:139: cmTC_22085/fast] Error 2



The MPI test test_mpi for CXX in mode normal failed to compile with the following output:
Change Dir: D:/1_Programming/C++/CLionProjects/opp1_LinearSystemSolverMPI1/cmake-build-debug/CMakeFiles/CMakeTmp

Run Build Command(s):D:/1_Programming/mingw/mingw64/bin/mingw32-make.exe cmTC_11f05/fast && D:/1_Programming/mingw/mingw64/bin/mingw32-make.exe  -f CMakeFiles\cmTC_11f05.dir\build.make CMakeFiles/cmTC_11f05.dir/build
mingw32-make.exe[1]: Entering directory 'D:/1_Programming/C++/CLionProjects/opp1_LinearSystemSolverMPI1/cmake-build-debug/CMakeFiles/CMakeTmp'
Building CXX object CMakeFiles/cmTC_11f05.dir/test_mpi.cpp.obj
D:\1_Programming\mingw\mingw64\bin\x86_64-w64-mingw32-g++.exe   -std=gnu++17 -o CMakeFiles\cmTC_11f05.dir\test_mpi.cpp.obj -c D:\1_Programming\C++\CLionProjects\opp1_LinearSystemSolverMPI1\cmake-build-debug\CMakeFiles\FindMPI\test_mpi.cpp
D:\1_Programming\C++\CLionProjects\opp1_LinearSystemSolverMPI1\cmake-build-debug\CMakeFiles\FindMPI\test_mpi.cpp:1:10: fatal error: mpi.h: No such file or directory
 #include <mpi.h>
          ^~~~~~~
compilation terminated.
mingw32-make.exe[1]: *** [CMakeFiles\cmTC_11f05.dir\build.make:84: CMakeFiles/cmTC_11f05.dir/test_mpi.cpp.obj] Error 1
mingw32-make.exe[1]: Leaving directory 'D:/1_Programming/C++/CLionProjects/opp1_LinearSystemSolverMPI1/cmake-build-debug/CMakeFiles/CMakeTmp'
mingw32-make.exe: *** [Makefile:139: cmTC_11f05/fast] Error 2



